Error[113]   C:\USERS\ADMIN\MPLABXPROJECTS\MUSICBOX.X\MUSICBOX.ASM 63 : Symbol not previously defined (status)
Error[113]   C:\USERS\ADMIN\MPLABXPROJECTS\MUSICBOX.X\MUSICBOX.ASM 63 : Symbol not previously defined (rp0)
Error[113]   C:\USERS\ADMIN\MPLABXPROJECTS\MUSICBOX.X\MUSICBOX.ASM 65 : Symbol not previously defined (TRISIO)
Error[113]   C:\USERS\ADMIN\MPLABXPROJECTS\MUSICBOX.X\MUSICBOX.ASM 66 : Symbol not previously defined (option_reg)
Error[113]   C:\USERS\ADMIN\MPLABXPROJECTS\MUSICBOX.X\MUSICBOX.ASM 67 : Symbol not previously defined (status)
Error[113]   C:\USERS\ADMIN\MPLABXPROJECTS\MUSICBOX.X\MUSICBOX.ASM 67 : Symbol not previously defined (rp0)
Error[113]   C:\USERS\ADMIN\MPLABXPROJECTS\MUSICBOX.X\MUSICBOX.ASM 69 : Symbol not previously defined (CMCON)
Error[113]   C:\USERS\ADMIN\MPLABXPROJECTS\MUSICBOX.X\MUSICBOX.ASM 71 : Symbol not previously defined (gpio)
Error[113]   C:\USERS\ADMIN\MPLABXPROJECTS\MUSICBOX.X\MUSICBOX.ASM 142 : Symbol not previously defined (gpio)
Error[113]   C:\USERS\ADMIN\MPLABXPROJECTS\MUSICBOX.X\MUSICBOX.ASM 143 : Symbol not previously defined (gpio)
Error[113]   C:\USERS\ADMIN\MPLABXPROJECTS\MUSICBOX.X\MUSICBOX.ASM 152 : Symbol not previously defined (gpio)
Error[113]   C:\USERS\ADMIN\MPLABXPROJECTS\MUSICBOX.X\MUSICBOX.ASM 153 : Symbol not previously defined (gpio)
Error[113]   C:\USERS\ADMIN\MPLABXPROJECTS\MUSICBOX.X\MUSICBOX.ASM 155 : Symbol not previously defined (gpio)
Error[113]   C:\USERS\ADMIN\MPLABXPROJECTS\MUSICBOX.X\MUSICBOX.ASM 194 : Symbol not previously defined (status)
Error[113]   C:\USERS\ADMIN\MPLABXPROJECTS\MUSICBOX.X\MUSICBOX.ASM 194 : Symbol not previously defined (rp0)
Error[113]   C:\USERS\ADMIN\MPLABXPROJECTS\MUSICBOX.X\MUSICBOX.ASM 197 : Symbol not previously defined (EEDATA)
Error[113]   C:\USERS\ADMIN\MPLABXPROJECTS\MUSICBOX.X\MUSICBOX.ASM 198 : Symbol not previously defined (status)
Error[113]   C:\USERS\ADMIN\MPLABXPROJECTS\MUSICBOX.X\MUSICBOX.ASM 198 : Symbol not previously defined (rp0)
Error[113]   C:\USERS\ADMIN\MPLABXPROJECTS\MUSICBOX.X\MUSICBOX.ASM 202 : Symbol not previously defined (status)
Error[113]   C:\USERS\ADMIN\MPLABXPROJECTS\MUSICBOX.X\MUSICBOX.ASM 202 : Symbol not previously defined (z)
Error[113]   C:\USERS\ADMIN\MPLABXPROJECTS\MUSICBOX.X\MUSICBOX.ASM 237 : Symbol not previously defined (gpio)
Error[113]   C:\USERS\ADMIN\MPLABXPROJECTS\MUSICBOX.X\MUSICBOX.ASM 243 : Symbol not previously defined (status)
Error[113]   C:\USERS\ADMIN\MPLABXPROJECTS\MUSICBOX.X\MUSICBOX.ASM 243 : Symbol not previously defined (rp0)
Error[113]   C:\USERS\ADMIN\MPLABXPROJECTS\MUSICBOX.X\MUSICBOX.ASM 244 : Symbol not previously defined (eeadr)
Error[113]   C:\USERS\ADMIN\MPLABXPROJECTS\MUSICBOX.X\MUSICBOX.ASM 245 : Symbol not previously defined (eedata)
Error[113]   C:\USERS\ADMIN\MPLABXPROJECTS\MUSICBOX.X\MUSICBOX.ASM 246 : Symbol not previously defined (eecon1)
Error[113]   C:\USERS\ADMIN\MPLABXPROJECTS\MUSICBOX.X\MUSICBOX.ASM 246 : Symbol not previously defined (wren)
Error[113]   C:\USERS\ADMIN\MPLABXPROJECTS\MUSICBOX.X\MUSICBOX.ASM 248 : Symbol not previously defined (eecon2)
Error[113]   C:\USERS\ADMIN\MPLABXPROJECTS\MUSICBOX.X\MUSICBOX.ASM 250 : Symbol not previously defined (eecon2)
Error[113]   C:\USERS\ADMIN\MPLABXPROJECTS\MUSICBOX.X\MUSICBOX.ASM 251 : Symbol not previously defined (eecon1)
Error[113]   C:\USERS\ADMIN\MPLABXPROJECTS\MUSICBOX.X\MUSICBOX.ASM 251 : Symbol not previously defined (wr)
Error[113]   C:\USERS\ADMIN\MPLABXPROJECTS\MUSICBOX.X\MUSICBOX.ASM 252 : Symbol not previously defined (status)
Error[113]   C:\USERS\ADMIN\MPLABXPROJECTS\MUSICBOX.X\MUSICBOX.ASM 252 : Symbol not previously defined (rp0)
Error[113]   C:\USERS\ADMIN\MPLABXPROJECTS\MUSICBOX.X\MUSICBOX.ASM 253 : Symbol not previously defined (pir1)
Error[113]   C:\USERS\ADMIN\MPLABXPROJECTS\MUSICBOX.X\MUSICBOX.ASM 253 : Symbol not previously defined (eeif)
Error[113]   C:\USERS\ADMIN\MPLABXPROJECTS\MUSICBOX.X\MUSICBOX.ASM 255 : Symbol not previously defined (pir1)
Error[113]   C:\USERS\ADMIN\MPLABXPROJECTS\MUSICBOX.X\MUSICBOX.ASM 255 : Symbol not previously defined (eeif)
Error[113]   C:\USERS\ADMIN\MPLABXPROJECTS\MUSICBOX.X\MUSICBOX.ASM 256 : Symbol not previously defined (status)
Error[113]   C:\USERS\ADMIN\MPLABXPROJECTS\MUSICBOX.X\MUSICBOX.ASM 256 : Symbol not previously defined (rp0)
Error[113]   C:\USERS\ADMIN\MPLABXPROJECTS\MUSICBOX.X\MUSICBOX.ASM 257 : Symbol not previously defined (eecon1)
Error[113]   C:\USERS\ADMIN\MPLABXPROJECTS\MUSICBOX.X\MUSICBOX.ASM 257 : Symbol not previously defined (wren)
Error[113]   C:\USERS\ADMIN\MPLABXPROJECTS\MUSICBOX.X\MUSICBOX.ASM 258 : Symbol not previously defined (status)
Error[113]   C:\USERS\ADMIN\MPLABXPROJECTS\MUSICBOX.X\MUSICBOX.ASM 258 : Symbol not previously defined (rp0)
Error[113]   C:\USERS\ADMIN\MPLABXPROJECTS\MUSICBOX.X\MUSICBOX.ASM 470 : Symbol not previously defined (lengthx)
Error[113]   C:\USERS\ADMIN\MPLABXPROJECTS\MUSICBOX.X\MUSICBOX.ASM 472 : Symbol not previously defined (lengthx)
Error[113]   C:\USERS\ADMIN\MPLABXPROJECTS\MUSICBOX.X\MUSICBOX.ASM 479 : Symbol not previously defined (lengthx)
Error[113]   C:\USERS\ADMIN\MPLABXPROJECTS\MUSICBOX.X\MUSICBOX.ASM 481 : Symbol not previously defined (lengthx)
Error[113]   C:\USERS\ADMIN\MPLABXPROJECTS\MUSICBOX.X\MUSICBOX.ASM 491 : Symbol not previously defined (lengthx)
Error[113]   C:\USERS\ADMIN\MPLABXPROJECTS\MUSICBOX.X\MUSICBOX.ASM 493 : Symbol not previously defined (lengthx)
Error[113]   C:\USERS\ADMIN\MPLABXPROJECTS\MUSICBOX.X\MUSICBOX.ASM 495 : Symbol not previously defined (lengthx)
Error[113]   C:\USERS\ADMIN\MPLABXPROJECTS\MUSICBOX.X\MUSICBOX.ASM 497 : Symbol not previously defined (lengthx)
Error[113]   C:\USERS\ADMIN\MPLABXPROJECTS\MUSICBOX.X\MUSICBOX.ASM 509 : Symbol not previously defined (lengthx)
Error[113]   C:\USERS\ADMIN\MPLABXPROJECTS\MUSICBOX.X\MUSICBOX.ASM 511 : Symbol not previously defined (lengthx)
Error[113]   C:\USERS\ADMIN\MPLABXPROJECTS\MUSICBOX.X\MUSICBOX.ASM 513 : Symbol not previously defined (lengthx)
Error[113]   C:\USERS\ADMIN\MPLABXPROJECTS\MUSICBOX.X\MUSICBOX.ASM 515 : Symbol not previously defined (lengthx)
Error[113]   C:\USERS\ADMIN\MPLABXPROJECTS\MUSICBOX.X\MUSICBOX.ASM 519 : Symbol not previously defined (lengthx)
Error[113]   C:\USERS\ADMIN\MPLABXPROJECTS\MUSICBOX.X\MUSICBOX.ASM 521 : Symbol not previously defined (lengthx)
Error[113]   C:\USERS\ADMIN\MPLABXPROJECTS\MUSICBOX.X\MUSICBOX.ASM 523 : Symbol not previously defined (lengthx)
Error[113]   C:\USERS\ADMIN\MPLABXPROJECTS\MUSICBOX.X\MUSICBOX.ASM 525 : Symbol not previously defined (lengthx)
Error[113]   C:\USERS\ADMIN\MPLABXPROJECTS\MUSICBOX.X\MUSICBOX.ASM 527 : Symbol not previously defined (lengthx)
Error[113]   C:\USERS\ADMIN\MPLABXPROJECTS\MUSICBOX.X\MUSICBOX.ASM 529 : Symbol not previously defined (lengthx)
Error[113]   C:\USERS\ADMIN\MPLABXPROJECTS\MUSICBOX.X\MUSICBOX.ASM 531 : Symbol not previously defined (lengthx)
Error[113]   C:\USERS\ADMIN\MPLABXPROJECTS\MUSICBOX.X\MUSICBOX.ASM 1145 : Symbol not previously defined (length2x)
Error[113]   C:\USERS\ADMIN\MPLABXPROJECTS\MUSICBOX.X\MUSICBOX.ASM 1147 : Symbol not previously defined (length2x)
Error[113]   C:\USERS\ADMIN\MPLABXPROJECTS\MUSICBOX.X\MUSICBOX.ASM 1156 : Symbol not previously defined (length2x)
Error[113]   C:\USERS\ADMIN\MPLABXPROJECTS\MUSICBOX.X\MUSICBOX.ASM 1158 : Symbol not previously defined (length2x)
Warning[210] C:\USERS\ADMIN\MPLABXPROJECTS\MUSICBOX.X\MUSICBOX.ASM 1205 : Extra ","
